<?xml version="1.0" encoding="UTF-8"?>
<testsuite name="SimpleWebServerTest" tests="1" skipped="0" failures="0" errors="0" timestamp="2024-04-23T14:46:51" hostname="ELTOROO" time="0.024">
  <properties/>
  <testcase name="testServerStartup()" classname="SimpleWebServerTest" time="0.024"/>
  <system-out><![CDATA[]]></system-out>
  <system-err><![CDATA[]]></system-err>
</testsuite>
